# JRE version: OpenJDK Runtime Environment Corretto-17.0.12.7.1 (17.0.12+7) (build 17.0.12+7-LTS)
# Java VM: OpenJDK 64-Bit Server VM Corretto-17.0.12.7.1 (17.0.12+7-LTS, mixed mode, sharing, tiered, compressed oops, compressed class ptrs, g1 gc, windows-amd64)
GC Precious Log:
 CPUs: 8 total, 8 available
 Memory: 8071M
 Large Page Support: Disabled
 NUMA Support: Disabled
 Compressed Oops: Enabled (32-bit)
 Heap Region Size: 1M
 Heap Min Capacity: 8M
 Heap Initial Capacity: 128M
 Heap Max Capacity: 1536M
 Pre-touch: Disabled
 Parallel Workers: 8
 Concurrent Workers: 2
 Concurrent Refinement Workers: 8
 Periodic GC: Disabled
Heap:
 garbage-first heap   total 140288K, used 82193K [0x00000000a0000000, 0x0000000100000000)
  region size 1024K, 2 young (2048K), 2 survivors (2048K)
 Metaspace       used 52018K, committed 52672K, reserved 1114112K
  class space    used 7158K, committed 7424K, reserved 1048576K
GC Heap History (20 events):
Event: 2.987 GC heap after
{Heap after GC invocations=3 (full 0):
 garbage-first heap   total 131072K, used 20803K [0x00000000a0000000, 0x0000000100000000)
  region size 1024K, 10 young (10240K), 10 survivors (10240K)
 Metaspace       used 17784K, committed 18112K, reserved 1114112K
  class space    used 2619K, committed 2752K, reserved 1048576K
}
Event: 3.621 GC heap before
{Heap before GC invocations=3 (full 0):
 garbage-first heap   total 131072K, used 57667K [0x00000000a0000000, 0x0000000100000000)
  region size 1024K, 36 young (36864K), 10 survivors (10240K)
 Metaspace       used 21160K, committed 21504K, reserved 1114112K
  class space    used 3160K, committed 3328K, reserved 1048576K
}
Event: 3.632 GC heap after
{Heap after GC invocations=4 (full 0):
 garbage-first heap   total 131072K, used 38021K [0x00000000a0000000, 0x0000000100000000)
  region size 1024K, 5 young (5120K), 5 survivors (5120K)
 Metaspace       used 21160K, committed 21504K, reserved 1114112K
  class space    used 3160K, committed 3328K, reserved 1048576K
}
Event: 4.845 GC heap before
{Heap before GC invocations=5 (full 0):
 garbage-first heap   total 131072K, used 93317K [0x00000000a0000000, 0x0000000100000000)
  region size 1024K, 59 young (60416K), 5 survivors (5120K)
 Metaspace       used 31180K, committed 31616K, reserved 1114112K
  class space    used 4460K, committed 4672K, reserved 1048576K
}
Event: 4.852 GC heap after
{Heap after GC invocations=6 (full 0):
 garbage-first heap   total 131072K, used 42710K [0x00000000a0000000, 0x0000000100000000)
  region size 1024K, 6 young (6144K), 6 survivors (6144K)
 Metaspace       used 31180K, committed 31616K, reserved 1114112K
  class space    used 4460K, committed 4672K, reserved 1048576K
}
Event: 5.529 GC heap before
{Heap before GC invocations=6 (full 0):
 garbage-first heap   total 131072K, used 92886K [0x00000000a0000000, 0x0000000100000000)
  region size 1024K, 54 young (55296K), 6 survivors (6144K)
 Metaspace       used 35706K, committed 36096K, reserved 1114112K
  class space    used 4970K, committed 5120K, reserved 1048576K
}
Event: 5.535 GC heap after
{Heap after GC invocations=7 (full 0):
 garbage-first heap   total 131072K, used 46318K [0x00000000a0000000, 0x0000000100000000)
  region size 1024K, 4 young (4096K), 4 survivors (4096K)
 Metaspace       used 35706K, committed 36096K, reserved 1114112K
  class space    used 4970K, committed 5120K, reserved 1048576K
}
Event: 6.489 GC heap before
{Heap before GC invocations=8 (full 0):
 garbage-first heap   total 131072K, used 108782K [0x00000000a0000000, 0x0000000100000000)
  region size 1024K, 56 young (57344K), 4 survivors (4096K)
 Metaspace       used 40924K, committed 41472K, reserved 1114112K
  class space    used 5670K, committed 5952K, reserved 1048576K
}
Event: 6.495 GC heap after
{Heap after GC invocations=9 (full 0):
 garbage-first heap   total 131072K, used 60586K [0x00000000a0000000, 0x0000000100000000)
  region size 1024K, 7 young (7168K), 7 survivors (7168K)
 Metaspace       used 40924K, committed 41472K, reserved 1114112K
  class space    used 5670K, committed 5952K, reserved 1048576K
}
Event: 7.387 GC heap before
{Heap before GC invocations=9 (full 0):
 garbage-first heap   total 131072K, used 102570K [0x00000000a0000000, 0x0000000100000000)
  region size 1024K, 48 young (49152K), 7 survivors (7168K)
 Metaspace       used 43448K, committed 44032K, reserved 1114112K
  class space    used 6040K, committed 6336K, reserved 1048576K
}
Event: 7.395 GC heap after
{Heap after GC invocations=10 (full 0):
 garbage-first heap   total 131072K, used 64232K [0x00000000a0000000, 0x0000000100000000)
  region size 1024K, 4 young (4096K), 4 survivors (4096K)
 Metaspace       used 43448K, committed 44032K, reserved 1114112K
  class space    used 6040K, committed 6336K, reserved 1048576K
}
Event: 7.682 GC heap before
{Heap before GC invocations=10 (full 0):
 garbage-first heap   total 131072K, used 81640K [0x00000000a0000000, 0x0000000100000000)
  region size 1024K, 22 young (22528K), 4 survivors (4096K)
 Metaspace       used 43984K, committed 44608K, reserved 1114112K
  class space    used 6095K, committed 6400K, reserved 1048576K
}
Event: 7.685 GC heap after
{Heap after GC invocations=11 (full 0):
 garbage-first heap   total 131072K, used 64458K [0x00000000a0000000, 0x0000000100000000)
  region size 1024K, 4 young (4096K), 4 survivors (4096K)
 Metaspace       used 43984K, committed 44608K, reserved 1114112K
  class space    used 6095K, committed 6400K, reserved 1048576K
}
Event: 7.805 GC heap before
{Heap before GC invocations=12 (full 0):
 garbage-first heap   total 131072K, used 72650K [0x00000000a0000000, 0x0000000100000000)
  region size 1024K, 8 young (8192K), 4 survivors (4096K)
 Metaspace       used 43994K, committed 44608K, reserved 1114112K
  class space    used 6095K, committed 6400K, reserved 1048576K
}
Event: 7.809 GC heap after
{Heap after GC invocations=13 (full 0):
 garbage-first heap   total 131072K, used 72574K [0x00000000a0000000, 0x0000000100000000)
  region size 1024K, 5 young (5120K), 5 survivors (5120K)
 Metaspace       used 43994K, committed 44608K, reserved 1114112K
  class space    used 6095K, committed 6400K, reserved 1048576K
}
Event: 8.214 GC heap before
{Heap before GC invocations=14 (full 0):
 garbage-first heap   total 133120K, used 98174K [0x00000000a0000000, 0x0000000100000000)
  region size 1024K, 26 young (26624K), 5 survivors (5120K)
 Metaspace       used 45750K, committed 46400K, reserved 1114112K
  class space    used 6338K, committed 6656K, reserved 1048576K
}
Event: 8.219 GC heap after
{Heap after GC invocations=15 (full 0):
 garbage-first heap   total 133120K, used 80489K [0x00000000a0000000, 0x0000000100000000)
  region size 1024K, 4 young (4096K), 4 survivors (4096K)
 Metaspace       used 45750K, committed 46400K, reserved 1114112K
  class space    used 6338K, committed 6656K, reserved 1048576K
}
Event: 8.576 GC heap before
{Heap before GC invocations=15 (full 0):
 garbage-first heap   total 133120K, used 99945K [0x00000000a0000000, 0x0000000100000000)
  region size 1024K, 23 young (23552K), 4 survivors (4096K)
 Metaspace       used 48586K, committed 49216K, reserved 1114112K
  class space    used 6683K, committed 6976K, reserved 1048576K
}
Event: 8.579 GC heap after
{Heap after GC invocations=16 (full 0):
 garbage-first heap   total 133120K, used 81239K [0x00000000a0000000, 0x0000000100000000)
  region size 1024K, 1 young (1024K), 1 survivors (1024K)
 Metaspace       used 48586K, committed 49216K, reserved 1114112K
  class space    used 6683K, committed 6976K, reserved 1048576K
}
Event: 9.023 GC heap before
{Heap before GC invocations=17 (full 0):
 garbage-first heap   total 140288K, used 102743K [0x00000000a0000000, 0x0000000100000000)
  region size 1024K, 22 young (22528K), 1 survivors (1024K)
 Metaspace       used 52018K, committed 52672K, reserved 1114112K
  class space    used 7158K, committed 7424K, reserved 1048576K
}

